<?xml version="1.0" encoding="utf-8"?><testsuites name="pytest tests"><testsuite name="pytest" errors="0" failures="0" skipped="0" tests="7" time="15.754" timestamp="2026-04-30T12:04:53.140064+00:00" hostname="agent-env-8631c3e2-4781-4155-aa88-f25256e3595b"><testcase classname="backend.tests.test_ai_advisor" name="test_ai_status" time="0.417" /><testcase classname="backend.tests.test_ai_advisor" name="test_chat_empty_message_returns_400" time="0.075" /><testcase classname="backend.tests.test_ai_advisor" name="test_chat_returns_italian_reply_with_real_numbers" time="2.083" /><testcase classname="backend.tests.test_ai_advisor" name="test_history_returns_chronological_messages" time="0.059" /><testcase classname="backend.tests.test_ai_advisor" name="test_multi_turn_context" time="6.612" /><testcase classname="backend.tests.test_ai_advisor" name="test_delete_history" time="5.496" /><testcase classname="backend.tests.test_ai_advisor" name="test_zz_cleanup" time="0.050" /></testsuite></testsuites>