<?xml version="1.0" encoding="utf-8"?><testsuites name="pytest tests"><testsuite name="pytest" errors="0" failures="1" skipped="0" tests="7" time="21.957" timestamp="2026-04-30T12:00:31.669059+00:00" hostname="agent-env-8631c3e2-4781-4155-aa88-f25256e3595b"><testcase classname="backend.tests.test_ai_advisor" name="test_ai_status" time="0.993" /><testcase classname="backend.tests.test_ai_advisor" name="test_chat_empty_message_returns_400" time="0.058" /><testcase classname="backend.tests.test_ai_advisor" name="test_chat_returns_italian_reply_with_real_numbers" time="4.416" /><testcase classname="backend.tests.test_ai_advisor" name="test_history_returns_chronological_messages" time="0.069" /><testcase classname="backend.tests.test_ai_advisor" name="test_multi_turn_context" time="9.133"><failure message="AssertionError: AI lost session context. Reply: Non mi hai fornito alcun codice cliente in precedenza. Questa è la nostra prima interazione.&#10;  &#10;  Se hai bisogno di analizzare dati finanziari specifici di un cliente o di approfondire la situazione della tua impresa edile, condividi pure le informazioni e ti aiuterò con un'analisi concreta e consigli pratici.&#10;  &#10;  Cosa posso analizzare per te oggi? Margini di cantiere, liquidità, efficienza operativa?&#10;assert '4271' in &quot;Non mi hai fornito alcun codice cliente in precedenza. Questa è la nostra prima interazione.\n\nSe hai bisogno di analizzare dati finanziari specifici di un cliente o di approfondire la situazione della tua impresa edile, condividi pure le informazioni e ti aiuterò con un'analisi concreta e consigli pratici.\n\nCosa posso analizzare per te oggi? Margini di cantiere, liquidità, efficienza operativa?&quot;">backend/tests/test_ai_advisor.py:114: in test_multi_turn_context
    assert "4271" in reply2, f"AI lost session context. Reply: {reply2}"
E   AssertionError: AI lost session context. Reply: Non mi hai fornito alcun codice cliente in precedenza. Questa è la nostra prima interazione.
E     
E     Se hai bisogno di analizzare dati finanziari specifici di un cliente o di approfondire la situazione della tua impresa edile, condividi pure le informazioni e ti aiuterò con un'analisi concreta e consigli pratici.
E     
E     Cosa posso analizzare per te oggi? Margini di cantiere, liquidità, efficienza operativa?
E   assert '4271' in "Non mi hai fornito alcun codice cliente in precedenza. Questa è la nostra prima interazione.\n\nSe hai bisogno di analizzare dati finanziari specifici di un cliente o di approfondire la situazione della tua impresa edile, condividi pure le informazioni e ti aiuterò con un'analisi concreta e consigli pratici.\n\nCosa posso analizzare per te oggi? Margini di cantiere, liquidità, efficienza operativa?"</failure></testcase><testcase classname="backend.tests.test_ai_advisor" name="test_delete_history" time="5.408" /><testcase classname="backend.tests.test_ai_advisor" name="test_zz_cleanup" time="0.059" /></testsuite></testsuites>