<?xml version="1.0" encoding="utf-8"?><testsuites name="pytest tests"><testsuite name="pytest" errors="0" failures="0" skipped="0" tests="28" time="16.448" timestamp="2026-05-01T07:51:29.045722+00:00" hostname="agent-env-8631c3e2-4781-4155-aa88-f25256e3595b"><testcase classname="backend.tests.test_auth.TestAuthLogin" name="test_login_success" time="2.543" /><testcase classname="backend.tests.test_auth.TestAuthLogin" name="test_login_wrong_password" time="0.657" /><testcase classname="backend.tests.test_auth.TestAuthLogin" name="test_login_unknown_user" time="0.181" /><testcase classname="backend.tests.test_auth.TestAuthMe" name="test_me_with_token" time="0.829" /><testcase classname="backend.tests.test_auth.TestAuthMe" name="test_me_without_token" time="0.153" /><testcase classname="backend.tests.test_auth.TestAuthMe" name="test_me_malformed_token" time="0.153" /><testcase classname="backend.tests.test_auth.TestProtectedEndpoints" name="test_get_without_token_returns_401[/cantieri]" time="0.155" /><testcase classname="backend.tests.test_auth.TestProtectedEndpoints" name="test_get_without_token_returns_401[/movimenti]" time="0.149" /><testcase classname="backend.tests.test_auth.TestProtectedEndpoints" name="test_get_without_token_returns_401[/costi-fissi]" time="0.139" /><testcase classname="backend.tests.test_auth.TestProtectedEndpoints" name="test_get_without_token_returns_401[/dashboard/summary]" time="0.166" /><testcase classname="backend.tests.test_auth.TestProtectedEndpoints" name="test_get_without_token_returns_401[/ai-advisor/status]" time="0.185" /><testcase classname="backend.tests.test_auth.TestProtectedEndpoints" name="test_get_with_token_returns_200[/cantieri]" time="0.170" /><testcase classname="backend.tests.test_auth.TestProtectedEndpoints" name="test_get_with_token_returns_200[/movimenti]" time="0.170" /><testcase classname="backend.tests.test_auth.TestProtectedEndpoints" name="test_get_with_token_returns_200[/costi-fissi]" time="0.151" /><testcase classname="backend.tests.test_auth.TestProtectedEndpoints" name="test_get_with_token_returns_200[/dashboard/summary]" time="0.151" /><testcase classname="backend.tests.test_auth.TestProtectedEndpoints" name="test_get_with_token_returns_200[/ai-advisor/status]" time="0.154" /><testcase classname="backend.tests.test_auth.TestProtectedEndpoints" name="test_root_is_public" time="0.174" /><testcase classname="backend.tests.test_auth.TestProtectedEndpoints" name="test_seed_demo_protected" time="0.148" /><testcase classname="backend.tests.test_auth.TestProtectedEndpoints" name="test_seed_demo_with_token" time="0.149" /><testcase classname="backend.tests.test_auth.TestProtectedEndpoints" name="test_cantieri_post_protected" time="0.141" /><testcase classname="backend.tests.test_auth.TestProtectedEndpoints" name="test_cantieri_crud_with_token" time="0.434" /><testcase classname="backend.tests.test_auth.TestProtectedEndpoints" name="test_ai_advisor_chat_protected" time="0.142" /><testcase classname="backend.tests.test_auth.TestBruteForce" name="test_lockout_after_5_failures" time="3.595" /><testcase classname="backend.tests.test_auth.TestBruteForce" name="test_lockout_without_xff_header_fallback" time="0.626" /><testcase classname="backend.tests.test_auth.TestBruteForce" name="test_different_ips_tracked_independently" time="3.914" /><testcase classname="backend.tests.test_auth.TestDatabase" name="test_admin_seeded_once" time="0.007" /><testcase classname="backend.tests.test_auth.TestDatabase" name="test_password_is_bcrypt_hashed" time="0.003" /><testcase classname="backend.tests.test_auth.TestDatabase" name="test_users_has_unique_index" time="0.004" /></testsuite></testsuites>