<?xml version="1.0" encoding="utf-8"?><testsuites name="pytest tests"><testsuite name="pytest" errors="0" failures="1" skipped="0" tests="26" time="11.645" timestamp="2026-05-01T07:46:13.331351+00:00" hostname="agent-env-8631c3e2-4781-4155-aa88-f25256e3595b"><testcase classname="backend.tests.test_auth.TestAuthLogin" name="test_login_success" time="1.151" /><testcase classname="backend.tests.test_auth.TestAuthLogin" name="test_login_wrong_password" time="0.669" /><testcase classname="backend.tests.test_auth.TestAuthLogin" name="test_login_unknown_user" time="0.204" /><testcase classname="backend.tests.test_auth.TestAuthMe" name="test_me_with_token" time="0.834" /><testcase classname="backend.tests.test_auth.TestAuthMe" name="test_me_without_token" time="0.188" /><testcase classname="backend.tests.test_auth.TestAuthMe" name="test_me_malformed_token" time="0.161" /><testcase classname="backend.tests.test_auth.TestProtectedEndpoints" name="test_get_without_token_returns_401[/cantieri]" time="0.231" /><testcase classname="backend.tests.test_auth.TestProtectedEndpoints" name="test_get_without_token_returns_401[/movimenti]" time="0.155" /><testcase classname="backend.tests.test_auth.TestProtectedEndpoints" name="test_get_without_token_returns_401[/costi-fissi]" time="0.148" /><testcase classname="backend.tests.test_auth.TestProtectedEndpoints" name="test_get_without_token_returns_401[/dashboard/summary]" time="0.134" /><testcase classname="backend.tests.test_auth.TestProtectedEndpoints" name="test_get_without_token_returns_401[/ai-advisor/status]" time="0.171" /><testcase classname="backend.tests.test_auth.TestProtectedEndpoints" name="test_get_with_token_returns_200[/cantieri]" time="0.168" /><testcase classname="backend.tests.test_auth.TestProtectedEndpoints" name="test_get_with_token_returns_200[/movimenti]" time="0.168" /><testcase classname="backend.tests.test_auth.TestProtectedEndpoints" name="test_get_with_token_returns_200[/costi-fissi]" time="0.165" /><testcase classname="backend.tests.test_auth.TestProtectedEndpoints" name="test_get_with_token_returns_200[/dashboard/summary]" time="0.194" /><testcase classname="backend.tests.test_auth.TestProtectedEndpoints" name="test_get_with_token_returns_200[/ai-advisor/status]" time="0.153" /><testcase classname="backend.tests.test_auth.TestProtectedEndpoints" name="test_root_is_public" time="0.142" /><testcase classname="backend.tests.test_auth.TestProtectedEndpoints" name="test_seed_demo_protected" time="0.166" /><testcase classname="backend.tests.test_auth.TestProtectedEndpoints" name="test_seed_demo_with_token" time="0.152" /><testcase classname="backend.tests.test_auth.TestProtectedEndpoints" name="test_cantieri_post_protected" time="0.152" /><testcase classname="backend.tests.test_auth.TestProtectedEndpoints" name="test_cantieri_crud_with_token" time="0.477" /><testcase classname="backend.tests.test_auth.TestProtectedEndpoints" name="test_ai_advisor_chat_protected" time="0.159" /><testcase classname="backend.tests.test_auth.TestBruteForce" name="test_lockout_after_5_failures" time="3.814"><failure message="assert 401 == 429&#10; +  where 401 = &lt;Response [401]&gt;.status_code">backend/tests/test_auth.py:172: in test_lockout_after_5_failures
    assert r.status_code == 429
E   assert 401 == 429
E    +  where 401 = &lt;Response [401]&gt;.status_code</failure></testcase><testcase classname="backend.tests.test_auth.TestDatabase" name="test_admin_seeded_once" time="0.003" /><testcase classname="backend.tests.test_auth.TestDatabase" name="test_password_is_bcrypt_hashed" time="0.002" /><testcase classname="backend.tests.test_auth.TestDatabase" name="test_users_has_unique_index" time="0.004" /></testsuite></testsuites>