<?xml version="1.0" encoding="utf-8"?><testsuites name="pytest tests"><testsuite name="pytest" errors="0" failures="0" skipped="0" tests="13" time="1.583" timestamp="2026-04-30T07:05:54.997965+00:00" hostname="agent-env-8631c3e2-4781-4155-aa88-f25256e3595b"><testcase classname="backend.tests.test_edilcontrol_api" name="test_root" time="0.338" /><testcase classname="backend.tests.test_edilcontrol_api" name="test_seed_idempotent" time="0.049" /><testcase classname="backend.tests.test_edilcontrol_api" name="test_list_cantieri" time="0.052" /><testcase classname="backend.tests.test_edilcontrol_api" name="test_cantiere_crud" time="0.260" /><testcase classname="backend.tests.test_edilcontrol_api" name="test_list_movimenti" time="0.047" /><testcase classname="backend.tests.test_edilcontrol_api" name="test_list_movimenti_filter" time="0.048" /><testcase classname="backend.tests.test_edilcontrol_api" name="test_create_movimento" time="0.096" /><testcase classname="backend.tests.test_edilcontrol_api" name="test_costi_fissi_crud" time="0.157" /><testcase classname="backend.tests.test_edilcontrol_api" name="test_break_even_ok" time="0.050" /><testcase classname="backend.tests.test_edilcontrol_api" name="test_break_even_invalid_margin" time="0.046" /><testcase classname="backend.tests.test_edilcontrol_api" name="test_dashboard_summary" time="0.053" /><testcase classname="backend.tests.test_edilcontrol_api" name="test_dashboard_cantieri_margini" time="0.047" /><testcase classname="backend.tests.test_edilcontrol_api" name="test_ai_advisor_status" time="0.047" /></testsuite></testsuites>